{"/Users/Eddie/Documents/DSSG/csh/webapp/frontend/actions/index.js": {"path":"/Users/Eddie/Documents/DSSG/csh/webapp/frontend/actions/index.js","statementMap":{"0":{"start":{"line":22,"column":2},"end":{"line":25,"column":3}},"1":{"start":{"line":29,"column":2},"end":{"line":31,"column":3}},"2":{"start":{"line":35,"column":2},"end":{"line":38,"column":3}},"3":{"start":{"line":42,"column":2},"end":{"line":45,"column":3}},"4":{"start":{"line":49,"column":2},"end":{"line":52,"column":3}},"5":{"start":{"line":56,"column":2},"end":{"line":59,"column":3}},"6":{"start":{"line":63,"column":2},"end":{"line":69,"column":3}},"7":{"start":{"line":73,"column":2},"end":{"line":76,"column":3}},"8":{"start":{"line":80,"column":2},"end":{"line":83,"column":3}},"9":{"start":{"line":87,"column":2},"end":{"line":89,"column":3}},"10":{"start":{"line":93,"column":2},"end":{"line":96,"column":3}},"11":{"start":{"line":100,"column":2},"end":{"line":110,"column":3}},"12":{"start":{"line":101,"column":4},"end":{"line":109,"column":8}},"13":{"start":{"line":102,"column":22},"end":{"line":102,"column":33}},"14":{"start":{"line":104,"column":8},"end":{"line":104,"column":42}},"15":{"start":{"line":105,"column":34},"end":{"line":105,"column":66}},"16":{"start":{"line":106,"column":8},"end":{"line":108,"column":9}},"17":{"start":{"line":107,"column":10},"end":{"line":107,"column":60}},"18":{"start":{"line":115,"column":2},"end":{"line":118,"column":3}},"19":{"start":{"line":122,"column":2},"end":{"line":131,"column":3}},"20":{"start":{"line":123,"column":4},"end":{"line":130,"column":6}},"21":{"start":{"line":129,"column":6},"end":{"line":129,"column":48}},"22":{"start":{"line":135,"column":2},"end":{"line":138,"column":3}},"23":{"start":{"line":142,"column":2},"end":{"line":145,"column":3}},"24":{"start":{"line":150,"column":2},"end":{"line":153,"column":3}},"25":{"start":{"line":157,"column":2},"end":{"line":163,"column":3}},"26":{"start":{"line":158,"column":4},"end":{"line":162,"column":10}},"27":{"start":{"line":159,"column":24},"end":{"line":159,"column":35}},"28":{"start":{"line":161,"column":10},"end":{"line":161,"column":42}},"29":{"start":{"line":167,"column":27},"end":{"line":167,"column":87}},"30":{"start":{"line":167,"column":32},"end":{"line":167,"column":87}},"31":{"start":{"line":168,"column":17},"end":{"line":168,"column":46}},"32":{"start":{"line":168,"column":22},"end":{"line":168,"column":46}},"33":{"start":{"line":169,"column":20},"end":{"line":169,"column":52}},"34":{"start":{"line":169,"column":25},"end":{"line":169,"column":52}},"35":{"start":{"line":170,"column":2},"end":{"line":193,"column":3}},"36":{"start":{"line":171,"column":20},"end":{"line":171,"column":50}},"37":{"start":{"line":172,"column":4},"end":{"line":175,"column":5}},"38":{"start":{"line":176,"column":9},"end":{"line":193,"column":3}},"39":{"start":{"line":177,"column":20},"end":{"line":177,"column":43}},"40":{"start":{"line":178,"column":4},"end":{"line":181,"column":5}},"41":{"start":{"line":182,"column":9},"end":{"line":193,"column":3}},"42":{"start":{"line":183,"column":20},"end":{"line":183,"column":40}},"43":{"start":{"line":184,"column":4},"end":{"line":187,"column":5}},"44":{"start":{"line":189,"column":4},"end":{"line":192,"column":5}},"45":{"start":{"line":197,"column":2},"end":{"line":217,"column":3}},"46":{"start":{"line":198,"column":4},"end":{"line":201,"column":5}},"47":{"start":{"line":202,"column":9},"end":{"line":217,"column":3}},"48":{"start":{"line":203,"column":4},"end":{"line":206,"column":5}},"49":{"start":{"line":207,"column":9},"end":{"line":217,"column":3}},"50":{"start":{"line":208,"column":4},"end":{"line":211,"column":5}},"51":{"start":{"line":213,"column":4},"end":{"line":216,"column":5}}},"fnMap":{"0":{"name":"selectEventType","decl":{"start":{"line":21,"column":16},"end":{"line":21,"column":31}},"loc":{"start":{"line":21,"column":43},"end":{"line":26,"column":1}},"line":21},"1":{"name":"resetEventType","decl":{"start":{"line":28,"column":16},"end":{"line":28,"column":30}},"loc":{"start":{"line":28,"column":42},"end":{"line":32,"column":1}},"line":28},"2":{"name":"selectJurisdiction","decl":{"start":{"line":34,"column":16},"end":{"line":34,"column":34}},"loc":{"start":{"line":34,"column":49},"end":{"line":39,"column":1}},"line":34},"3":{"name":"pickFile","decl":{"start":{"line":41,"column":16},"end":{"line":41,"column":24}},"loc":{"start":{"line":41,"column":35},"end":{"line":46,"column":1}},"line":41},"4":{"name":"changeUploadState","decl":{"start":{"line":48,"column":16},"end":{"line":48,"column":33}},"loc":{"start":{"line":48,"column":47},"end":{"line":53,"column":1}},"line":48},"5":{"name":"resetUploadState","decl":{"start":{"line":55,"column":16},"end":{"line":55,"column":32}},"loc":{"start":{"line":55,"column":35},"end":{"line":60,"column":1}},"line":55},"6":{"name":"fetchAvailableRoles","decl":{"start":{"line":62,"column":9},"end":{"line":62,"column":28}},"loc":{"start":{"line":62,"column":31},"end":{"line":70,"column":1}},"line":62},"7":{"name":"saveAvailableRoles","decl":{"start":{"line":72,"column":9},"end":{"line":72,"column":27}},"loc":{"start":{"line":72,"column":37},"end":{"line":77,"column":1}},"line":72},"8":{"name":"saveUploadResponse","decl":{"start":{"line":79,"column":16},"end":{"line":79,"column":34}},"loc":{"start":{"line":79,"column":45},"end":{"line":84,"column":1}},"line":79},"9":{"name":"resetUploadResponse","decl":{"start":{"line":86,"column":16},"end":{"line":86,"column":35}},"loc":{"start":{"line":86,"column":38},"end":{"line":90,"column":1}},"line":86},"10":{"name":"errorMessage","decl":{"start":{"line":92,"column":9},"end":{"line":92,"column":21}},"loc":{"start":{"line":92,"column":29},"end":{"line":97,"column":1}},"line":92},"11":{"name":"syncAvailableRoles","decl":{"start":{"line":99,"column":16},"end":{"line":99,"column":34}},"loc":{"start":{"line":99,"column":37},"end":{"line":111,"column":1}},"line":99},"12":{"name":"(anonymous_12)","decl":{"start":{"line":100,"column":9},"end":{"line":100,"column":10}},"loc":{"start":{"line":100,"column":28},"end":{"line":110,"column":3}},"line":100},"13":{"name":"(anonymous_13)","decl":{"start":{"line":102,"column":12},"end":{"line":102,"column":13}},"loc":{"start":{"line":102,"column":22},"end":{"line":102,"column":33}},"line":102},"14":{"name":"(anonymous_14)","decl":{"start":{"line":103,"column":12},"end":{"line":103,"column":13}},"loc":{"start":{"line":103,"column":22},"end":{"line":109,"column":7}},"line":103},"15":{"name":"showMatchingResults","decl":{"start":{"line":114,"column":16},"end":{"line":114,"column":35}},"loc":{"start":{"line":114,"column":42},"end":{"line":119,"column":1}},"line":114},"16":{"name":"getMatchingResults","decl":{"start":{"line":121,"column":16},"end":{"line":121,"column":34}},"loc":{"start":{"line":121,"column":38},"end":{"line":132,"column":1}},"line":121},"17":{"name":"(anonymous_17)","decl":{"start":{"line":122,"column":9},"end":{"line":122,"column":10}},"loc":{"start":{"line":122,"column":28},"end":{"line":131,"column":3}},"line":122},"18":{"name":"(anonymous_18)","decl":{"start":{"line":128,"column":10},"end":{"line":128,"column":11}},"loc":{"start":{"line":128,"column":20},"end":{"line":130,"column":5}},"line":128},"19":{"name":"updateControlledDate","decl":{"start":{"line":134,"column":16},"end":{"line":134,"column":36}},"loc":{"start":{"line":134,"column":43},"end":{"line":139,"column":1}},"line":134},"20":{"name":"updateDuration","decl":{"start":{"line":141,"column":16},"end":{"line":141,"column":30}},"loc":{"start":{"line":141,"column":37},"end":{"line":146,"column":1}},"line":141},"21":{"name":"saveMergeResults","decl":{"start":{"line":149,"column":9},"end":{"line":149,"column":25}},"loc":{"start":{"line":149,"column":35},"end":{"line":154,"column":1}},"line":149},"22":{"name":"confirmUpload","decl":{"start":{"line":156,"column":16},"end":{"line":156,"column":29}},"loc":{"start":{"line":156,"column":40},"end":{"line":164,"column":1}},"line":156},"23":{"name":"(anonymous_23)","decl":{"start":{"line":157,"column":9},"end":{"line":157,"column":10}},"loc":{"start":{"line":157,"column":28},"end":{"line":163,"column":3}},"line":157},"24":{"name":"(anonymous_24)","decl":{"start":{"line":159,"column":14},"end":{"line":159,"column":15}},"loc":{"start":{"line":159,"column":24},"end":{"line":159,"column":35}},"line":159},"25":{"name":"(anonymous_25)","decl":{"start":{"line":160,"column":14},"end":{"line":160,"column":15}},"loc":{"start":{"line":160,"column":24},"end":{"line":162,"column":9}},"line":160},"26":{"name":"updateTableData","decl":{"start":{"line":166,"column":16},"end":{"line":166,"column":31}},"loc":{"start":{"line":166,"column":47},"end":{"line":194,"column":1}},"line":166},"27":{"name":"(anonymous_27)","decl":{"start":{"line":167,"column":27},"end":{"line":167,"column":28}},"loc":{"start":{"line":167,"column":32},"end":{"line":167,"column":87}},"line":167},"28":{"name":"(anonymous_28)","decl":{"start":{"line":168,"column":17},"end":{"line":168,"column":18}},"loc":{"start":{"line":168,"column":22},"end":{"line":168,"column":46}},"line":168},"29":{"name":"(anonymous_29)","decl":{"start":{"line":169,"column":20},"end":{"line":169,"column":21}},"loc":{"start":{"line":169,"column":25},"end":{"line":169,"column":52}},"line":169},"30":{"name":"updateSetStatus","decl":{"start":{"line":196,"column":16},"end":{"line":196,"column":31}},"loc":{"start":{"line":196,"column":40},"end":{"line":219,"column":1}},"line":196}},"branchMap":{"0":{"loc":{"start":{"line":106,"column":8},"end":{"line":108,"column":9}},"type":"if","locations":[{"start":{"line":106,"column":8},"end":{"line":108,"column":9}},{"start":{"line":106,"column":8},"end":{"line":108,"column":9}}],"line":106},"1":{"loc":{"start":{"line":167,"column":32},"end":{"line":167,"column":87}},"type":"binary-expr","locations":[{"start":{"line":167,"column":32},"end":{"line":167,"column":56}},{"start":{"line":167,"column":60},"end":{"line":167,"column":87}}],"line":167},"2":{"loc":{"start":{"line":170,"column":2},"end":{"line":193,"column":3}},"type":"if","locations":[{"start":{"line":170,"column":2},"end":{"line":193,"column":3}},{"start":{"line":170,"column":2},"end":{"line":193,"column":3}}],"line":170},"3":{"loc":{"start":{"line":176,"column":9},"end":{"line":193,"column":3}},"type":"if","locations":[{"start":{"line":176,"column":9},"end":{"line":193,"column":3}},{"start":{"line":176,"column":9},"end":{"line":193,"column":3}}],"line":176},"4":{"loc":{"start":{"line":182,"column":9},"end":{"line":193,"column":3}},"type":"if","locations":[{"start":{"line":182,"column":9},"end":{"line":193,"column":3}},{"start":{"line":182,"column":9},"end":{"line":193,"column":3}}],"line":182},"5":{"loc":{"start":{"line":197,"column":2},"end":{"line":217,"column":3}},"type":"if","locations":[{"start":{"line":197,"column":2},"end":{"line":217,"column":3}},{"start":{"line":197,"column":2},"end":{"line":217,"column":3}}],"line":197},"6":{"loc":{"start":{"line":202,"column":9},"end":{"line":217,"column":3}},"type":"if","locations":[{"start":{"line":202,"column":9},"end":{"line":217,"column":3}},{"start":{"line":202,"column":9},"end":{"line":217,"column":3}}],"line":202},"7":{"loc":{"start":{"line":207,"column":9},"end":{"line":217,"column":3}},"type":"if","locations":[{"start":{"line":207,"column":9},"end":{"line":217,"column":3}},{"start":{"line":207,"column":9},"end":{"line":217,"column":3}}],"line":207}},"s":{"0":0,"1":0,"2":0,"3":0,"4":0,"5":0,"6":0,"7":0,"8":0,"9":0,"10":0,"11":0,"12":0,"13":0,"14":0,"15":0,"16":0,"17":0,"18":0,"19":0,"20":0,"21":0,"22":0,"23":0,"24":0,"25":0,"26":0,"27":0,"28":0,"29":0,"30":0,"31":0,"32":0,"33":0,"34":0,"35":0,"36":0,"37":0,"38":0,"39":0,"40":0,"41":0,"42":0,"43":0,"44":0,"45":0,"46":0,"47":0,"48":0,"49":0,"50":0,"51":0},"f":{"0":0,"1":0,"2":0,"3":0,"4":0,"5":0,"6":0,"7":0,"8":0,"9":0,"10":0,"11":0,"12":0,"13":0,"14":0,"15":0,"16":0,"17":0,"18":0,"19":0,"20":0,"21":0,"22":0,"23":0,"24":0,"25":0,"26":0,"27":0,"28":0,"29":0,"30":0},"b":{"0":[0,0],"1":[0,0],"2":[0,0],"3":[0,0],"4":[0,0],"5":[0,0],"6":[0,0],"7":[0,0]},"_coverageSchema":"332fd63041d2c1bcb487cc26dd0d5f7d97098a6c","hash":"0c7c8cecb2e9e8aa6921b6867b34060d2e198373"}
,"/Users/Eddie/Documents/DSSG/csh/webapp/frontend/components/upload/invalid.js": {"path":"/Users/Eddie/Documents/DSSG/csh/webapp/frontend/components/upload/invalid.js","statementMap":{"0":{"start":{"line":11,"column":19},"end":{"line":11,"column":31}},"1":{"start":{"line":12,"column":2},"end":{"line":12,"column":56}},"2":{"start":{"line":13,"column":2},"end":{"line":13,"column":17}},"3":{"start":{"line":17,"column":32},"end":{"line":17,"column":75}},"4":{"start":{"line":17,"column":53},"end":{"line":17,"column":75}},"5":{"start":{"line":18,"column":30},"end":{"line":18,"column":113}},"6":{"start":{"line":18,"column":44},"end":{"line":18,"column":113}},"7":{"start":{"line":19,"column":26},"end":{"line":19,"column":61}},"8":{"start":{"line":20,"column":2},"end":{"line":20,"column":62}},"9":{"start":{"line":24,"column":2},"end":{"line":28,"column":3}},"10":{"start":{"line":32,"column":2},"end":{"line":39,"column":3}},"11":{"start":{"line":34,"column":6},"end":{"line":37,"column":7}},"12":{"start":{"line":35,"column":8},"end":{"line":35,"column":39}},"13":{"start":{"line":36,"column":8},"end":{"line":36,"column":30}},"14":{"start":{"line":42,"column":15},"end":{"line":45,"column":1}},"15":{"start":{"line":48,"column":22},"end":{"line":50,"column":1}},"16":{"start":{"line":49,"column":2},"end":{"line":49,"column":72}},"17":{"start":{"line":52,"column":26},"end":{"line":54,"column":1}},"18":{"start":{"line":53,"column":2},"end":{"line":53,"column":72}},"19":{"start":{"line":56,"column":21},"end":{"line":64,"column":1}},"20":{"start":{"line":57,"column":2},"end":{"line":63,"column":3}},"21":{"start":{"line":68,"column":4},"end":{"line":85,"column":5}}},"fnMap":{"0":{"name":"formatWithSingleQuotes","decl":{"start":{"line":10,"column":9},"end":{"line":10,"column":31}},"loc":{"start":{"line":10,"column":39},"end":{"line":14,"column":1}},"line":10},"1":{"name":"flattenErrorRows","decl":{"start":{"line":16,"column":16},"end":{"line":16,"column":32}},"loc":{"start":{"line":16,"column":44},"end":{"line":21,"column":1}},"line":16},"2":{"name":"(anonymous_2)","decl":{"start":{"line":17,"column":32},"end":{"line":17,"column":33}},"loc":{"start":{"line":17,"column":53},"end":{"line":17,"column":75}},"line":17},"3":{"name":"(anonymous_3)","decl":{"start":{"line":18,"column":30},"end":{"line":18,"column":31}},"loc":{"start":{"line":18,"column":44},"end":{"line":18,"column":113}},"line":18},"4":{"name":"mapStateToProps","decl":{"start":{"line":23,"column":9},"end":{"line":23,"column":24}},"loc":{"start":{"line":23,"column":32},"end":{"line":29,"column":1}},"line":23},"5":{"name":"mapDispatchToProps","decl":{"start":{"line":31,"column":9},"end":{"line":31,"column":27}},"loc":{"start":{"line":31,"column":38},"end":{"line":40,"column":1}},"line":31},"6":{"name":"(anonymous_6)","decl":{"start":{"line":33,"column":17},"end":{"line":33,"column":18}},"loc":{"start":{"line":33,"column":23},"end":{"line":38,"column":5}},"line":33},"7":{"name":"(anonymous_7)","decl":{"start":{"line":34,"column":13},"end":{"line":34,"column":14}},"loc":{"start":{"line":34,"column":19},"end":{"line":37,"column":7}},"line":34},"8":{"name":"(anonymous_8)","decl":{"start":{"line":48,"column":22},"end":{"line":48,"column":23}},"loc":{"start":{"line":48,"column":65},"end":{"line":50,"column":1}},"line":48},"9":{"name":"(anonymous_9)","decl":{"start":{"line":52,"column":26},"end":{"line":52,"column":27}},"loc":{"start":{"line":52,"column":37},"end":{"line":54,"column":1}},"line":52},"10":{"name":"(anonymous_10)","decl":{"start":{"line":56,"column":21},"end":{"line":56,"column":22}},"loc":{"start":{"line":56,"column":33},"end":{"line":64,"column":1}},"line":56},"11":{"name":"(anonymous_11)","decl":{"start":{"line":67,"column":2},"end":{"line":67,"column":3}},"loc":{"start":{"line":67,"column":11},"end":{"line":86,"column":3}},"line":67}},"branchMap":{},"s":{"0":3,"1":3,"2":3,"3":1,"4":3,"5":1,"6":2,"7":1,"8":1,"9":0,"10":0,"11":0,"12":0,"13":0,"14":1,"15":1,"16":0,"17":1,"18":0,"19":1,"20":0,"21":0},"f":{"0":3,"1":1,"2":3,"3":2,"4":0,"5":0,"6":0,"7":0,"8":0,"9":0,"10":0,"11":0},"b":{},"_coverageSchema":"332fd63041d2c1bcb487cc26dd0d5f7d97098a6c","hash":"4f5f7aee17ef052da9d62020e32b7b764c95cee7"}
,"/Users/Eddie/Documents/DSSG/csh/webapp/frontend/constants/index.js": {"path":"/Users/Eddie/Documents/DSSG/csh/webapp/frontend/constants/index.js","statementMap":{"0":{"start":{"line":1,"column":28},"end":{"line":1,"column":42}},"1":{"start":{"line":2,"column":38},"end":{"line":2,"column":62}},"2":{"start":{"line":3,"column":39},"end":{"line":3,"column":64}},"3":{"start":{"line":4,"column":35},"end":{"line":4,"column":56}},"4":{"start":{"line":5,"column":25},"end":{"line":5,"column":36}},"5":{"start":{"line":6,"column":35},"end":{"line":6,"column":56}},"6":{"start":{"line":7,"column":37},"end":{"line":7,"column":60}},"7":{"start":{"line":8,"column":36},"end":{"line":8,"column":58}},"8":{"start":{"line":9,"column":34},"end":{"line":9,"column":54}},"9":{"start":{"line":10,"column":36},"end":{"line":10,"column":58}},"10":{"start":{"line":11,"column":33},"end":{"line":11,"column":52}},"11":{"start":{"line":12,"column":32},"end":{"line":12,"column":50}},"12":{"start":{"line":13,"column":38},"end":{"line":13,"column":62}},"13":{"start":{"line":14,"column":31},"end":{"line":14,"column":48}},"14":{"start":{"line":15,"column":33},"end":{"line":15,"column":52}},"15":{"start":{"line":16,"column":33},"end":{"line":16,"column":52}}},"fnMap":{},"branchMap":{},"s":{"0":1,"1":1,"2":1,"3":1,"4":1,"5":1,"6":1,"7":1,"8":1,"9":1,"10":1,"11":1,"12":1,"13":1,"14":1,"15":1},"f":{},"b":{},"_coverageSchema":"332fd63041d2c1bcb487cc26dd0d5f7d97098a6c","hash":"effc7fe94789315b770e09525840d11ce23514ec"}
,"/Users/Eddie/Documents/DSSG/csh/webapp/frontend/utils/jurisdictions.js": {"path":"/Users/Eddie/Documents/DSSG/csh/webapp/frontend/utils/jurisdictions.js","statementMap":{"0":{"start":{"line":4,"column":30},"end":{"line":9,"column":3}},"1":{"start":{"line":5,"column":4},"end":{"line":8,"column":5}},"2":{"start":{"line":10,"column":15},"end":{"line":10,"column":64}},"3":{"start":{"line":11,"column":2},"end":{"line":11,"column":13}}},"fnMap":{"0":{"name":"validJurisdictions","decl":{"start":{"line":3,"column":16},"end":{"line":3,"column":34}},"loc":{"start":{"line":3,"column":54},"end":{"line":12,"column":1}},"line":3},"1":{"name":"(anonymous_1)","decl":{"start":{"line":4,"column":30},"end":{"line":4,"column":31}},"loc":{"start":{"line":4,"column":52},"end":{"line":9,"column":3}},"line":4}},"branchMap":{},"s":{"0":0,"1":0,"2":0,"3":0},"f":{"0":0,"1":0},"b":{},"_coverageSchema":"332fd63041d2c1bcb487cc26dd0d5f7d97098a6c","hash":"ac46c1ec501308f25ca26494d16bc6556731f674"}
}
