TN:
SF:/Users/Eddie/Documents/DSSG/csh/webapp/frontend/actions/index.js
FN:21,selectEventType
FN:28,resetEventType
FN:34,selectJurisdiction
FN:41,pickFile
FN:48,changeUploadState
FN:55,resetUploadState
FN:62,fetchAvailableRoles
FN:72,saveAvailableRoles
FN:79,saveUploadResponse
FN:86,resetUploadResponse
FN:92,errorMessage
FN:99,syncAvailableRoles
FN:100,(anonymous_12)
FN:102,(anonymous_13)
FN:103,(anonymous_14)
FN:114,showMatchingResults
FN:121,getMatchingResults
FN:122,(anonymous_17)
FN:128,(anonymous_18)
FN:134,updateControlledDate
FN:141,updateDuration
FN:149,saveMergeResults
FN:156,confirmUpload
FN:157,(anonymous_23)
FN:159,(anonymous_24)
FN:160,(anonymous_25)
FN:166,updateTableData
FN:167,(anonymous_27)
FN:168,(anonymous_28)
FN:169,(anonymous_29)
FN:196,updateSetStatus
FNF:31
FNH:0
FNDA:0,selectEventType
FNDA:0,resetEventType
FNDA:0,selectJurisdiction
FNDA:0,pickFile
FNDA:0,changeUploadState
FNDA:0,resetUploadState
FNDA:0,fetchAvailableRoles
FNDA:0,saveAvailableRoles
FNDA:0,saveUploadResponse
FNDA:0,resetUploadResponse
FNDA:0,errorMessage
FNDA:0,syncAvailableRoles
FNDA:0,(anonymous_12)
FNDA:0,(anonymous_13)
FNDA:0,(anonymous_14)
FNDA:0,showMatchingResults
FNDA:0,getMatchingResults
FNDA:0,(anonymous_17)
FNDA:0,(anonymous_18)
FNDA:0,updateControlledDate
FNDA:0,updateDuration
FNDA:0,saveMergeResults
FNDA:0,confirmUpload
FNDA:0,(anonymous_23)
FNDA:0,(anonymous_24)
FNDA:0,(anonymous_25)
FNDA:0,updateTableData
FNDA:0,(anonymous_27)
FNDA:0,(anonymous_28)
FNDA:0,(anonymous_29)
FNDA:0,updateSetStatus
DA:22,0
DA:29,0
DA:35,0
DA:42,0
DA:49,0
DA:56,0
DA:63,0
DA:73,0
DA:80,0
DA:87,0
DA:93,0
DA:100,0
DA:101,0
DA:102,0
DA:104,0
DA:105,0
DA:106,0
DA:107,0
DA:115,0
DA:122,0
DA:123,0
DA:129,0
DA:135,0
DA:142,0
DA:150,0
DA:157,0
DA:158,0
DA:159,0
DA:161,0
DA:167,0
DA:168,0
DA:169,0
DA:170,0
DA:171,0
DA:172,0
DA:176,0
DA:177,0
DA:178,0
DA:182,0
DA:183,0
DA:184,0
DA:189,0
DA:197,0
DA:198,0
DA:202,0
DA:203,0
DA:207,0
DA:208,0
DA:213,0
LF:49
LH:0
BRDA:106,0,0,0
BRDA:106,0,1,0
BRDA:167,1,0,0
BRDA:167,1,1,0
BRDA:170,2,0,0
BRDA:170,2,1,0
BRDA:176,3,0,0
BRDA:176,3,1,0
BRDA:182,4,0,0
BRDA:182,4,1,0
BRDA:197,5,0,0
BRDA:197,5,1,0
BRDA:202,6,0,0
BRDA:202,6,1,0
BRDA:207,7,0,0
BRDA:207,7,1,0
BRF:16
BRH:0
end_of_record
TN:
SF:/Users/Eddie/Documents/DSSG/csh/webapp/frontend/components/upload/invalid.js
FN:10,formatWithSingleQuotes
FN:16,flattenErrorRows
FN:17,(anonymous_2)
FN:18,(anonymous_3)
FN:23,mapStateToProps
FN:31,mapDispatchToProps
FN:33,(anonymous_6)
FN:34,(anonymous_7)
FN:48,(anonymous_8)
FN:52,(anonymous_9)
FN:56,(anonymous_10)
FN:67,(anonymous_11)
FNF:12
FNH:4
FNDA:3,formatWithSingleQuotes
FNDA:1,flattenErrorRows
FNDA:3,(anonymous_2)
FNDA:2,(anonymous_3)
FNDA:0,mapStateToProps
FNDA:0,mapDispatchToProps
FNDA:0,(anonymous_6)
FNDA:0,(anonymous_7)
FNDA:0,(anonymous_8)
FNDA:0,(anonymous_9)
FNDA:0,(anonymous_10)
FNDA:0,(anonymous_11)
DA:11,3
DA:12,3
DA:13,3
DA:17,3
DA:18,2
DA:19,1
DA:20,1
DA:24,0
DA:32,0
DA:34,0
DA:35,0
DA:36,0
DA:42,1
DA:48,1
DA:49,0
DA:52,1
DA:53,0
DA:56,1
DA:57,0
DA:68,0
LF:20
LH:11
BRF:0
BRH:0
end_of_record
TN:
SF:/Users/Eddie/Documents/DSSG/csh/webapp/frontend/constants/index.js
FNF:0
FNH:0
DA:1,1
DA:2,1
DA:3,1
DA:4,1
DA:5,1
DA:6,1
DA:7,1
DA:8,1
DA:9,1
DA:10,1
DA:11,1
DA:12,1
DA:13,1
DA:14,1
DA:15,1
DA:16,1
LF:16
LH:16
BRF:0
BRH:0
end_of_record
TN:
SF:/Users/Eddie/Documents/DSSG/csh/webapp/frontend/utils/jurisdictions.js
FN:3,validJurisdictions
FN:4,(anonymous_1)
FNF:2
FNH:0
FNDA:0,validJurisdictions
FNDA:0,(anonymous_1)
DA:4,0
DA:5,0
DA:10,0
DA:11,0
LF:4
LH:0
BRF:0
BRH:0
end_of_record
